<?xml version="1.0" encoding="UTF-8"?>
<!-- Generated by org.testng.reporters.JUnitReportReporter -->
<testsuite hostname="DESKTOP-2UKBAD0" failures="0" tests="2" name="TestRunner.TestRunnerClass" time="56.466" errors="0" timestamp="2024-01-16T15:45:18 IST" skipped="0">
  <testcase classname="TestRunner.TestRunnerClass" name="runScenario" time="8.995"/>
  <system-out/>
  <testcase classname="TestRunner.TestRunnerClass" name="runScenario" time="47.471"/>
  <system-out/>
</testsuite> <!-- TestRunner.TestRunnerClass -->
