<?xml version="1.0" encoding="UTF-8"?>
<!-- Generated by org.testng.reporters.JUnitReportReporter -->
<testsuite hostname="Rushikesh" failures="0" tests="1" name="TestRunner.TestRunnerClass" time="9.845" errors="0" timestamp="2024-01-16T14:59:31 IST" skipped="0">
  <testcase classname="TestRunner.TestRunnerClass" name="runScenario" time="9.845"/>
  <system-out/>
</testsuite> <!-- TestRunner.TestRunnerClass -->
